This file contains any messages produced by compilers while
running configure, to aid debugging if configure makes a mistake.

It was created by openbox configure 3.6.1, which was
generated by GNU Autoconf 2.69.  Invocation command line was

  $ ./configure --prefix=/usr --with-x --enable-startup-notification --sysconfdir=/etc --libexecdir=/usr/lib/openbox

## --------- ##
## Platform. ##
## --------- ##

hostname = jontysr-archTP
uname -m = x86_64
uname -r = 4.17.2-1-ARCH
uname -s = Linux
uname -v = #1 SMP PREEMPT Sat Jun 16 11:08:59 UTC 2018

/usr/bin/uname -p = unknown
/bin/uname -X     = unknown

/bin/arch              = unknown
/usr/bin/arch -k       = unknown
/usr/convex/getsysinfo = unknown
/usr/bin/hostinfo      = unknown
/bin/machine           = unknown
/usr/bin/oslevel       = unknown
/bin/universe          = unknown

PATH: /home/jontysr/.gem/ruby/2.5.0/bin
PATH: /usr/local/sbin
PATH: /usr/local/bin
PATH: /usr/bin
PATH: /usr/lib/jvm/default/bin
PATH: /usr/bin/site_perl
PATH: /usr/bin/vendor_perl
PATH: /usr/bin/core_perl
PATH: /home/jontysr/.bin/
PATH: /var/lib/gems/1.8/bin/
PATH: /home/jontysr/.npm-global/bin
PATH: /home/jontysr/.bin/
PATH: /var/lib/gems/1.8/bin/
PATH: /home/jontysr/.gem/ruby/2.5.0/bin
PATH: /usr/bin/site_perl
PATH: /usr/bin/vendor_perl
PATH: /usr/bin/core_perl
PATH: /opt/depot_tools


## ----------- ##
## Core tests. ##
## ----------- ##

configure:2445: checking for a BSD-compatible install
configure:2513: result: /usr/bin/install -c
configure:2524: checking whether build environment is sane
configure:2574: result: yes
configure:2715: checking for a thread-safe mkdir -p
configure:2754: result: /usr/bin/mkdir -p
configure:2767: checking for gawk
configure:2783: found /usr/bin/gawk
configure:2794: result: gawk
configure:2805: checking whether make sets $(MAKE)
configure:2827: result: yes
configure:2918: checking whether make supports nested variables
configure:2935: result: yes
configure:3004: checking build type
configure:3070: result: RELEASE
configure:3090: checking for style of include used by make
configure:3118: result: GNU
configure:3189: checking for gcc
configure:3205: found /usr/bin/gcc
configure:3216: result: gcc
configure:3445: checking for C compiler version
configure:3454: gcc --version >&5
gcc (GCC) 8.1.1 20180531
Copyright (C) 2018 Free Software Foundation, Inc.
This is free software; see the source for copying conditions.  There is NO
warranty; not even for MERCHANTABILITY or FITNESS FOR A PARTICULAR PURPOSE.

configure:3465: $? = 0
configure:3454: gcc -v >&5
Using built-in specs.
COLLECT_GCC=gcc
COLLECT_LTO_WRAPPER=/usr/lib/gcc/x86_64-pc-linux-gnu/8.1.1/lto-wrapper
Target: x86_64-pc-linux-gnu
Configured with: /build/gcc/src/gcc/configure --prefix=/usr --libdir=/usr/lib --libexecdir=/usr/lib --mandir=/usr/share/man --infodir=/usr/share/info --with-bugurl=https://bugs.archlinux.org/ --enable-languages=c,c++,ada,fortran,go,lto,objc,obj-c++ --enable-shared --enable-threads=posix --enable-libmpx --with-system-zlib --with-isl --enable-__cxa_atexit --disable-libunwind-exceptions --enable-clocale=gnu --disable-libstdcxx-pch --disable-libssp --enable-gnu-unique-object --enable-linker-build-id --enable-lto --enable-plugin --enable-install-libiberty --with-linker-hash-style=gnu --enable-gnu-indirect-function --enable-multilib --disable-werror --enable-checking=release --enable-default-pie --enable-default-ssp
Thread model: posix
gcc version 8.1.1 20180531 (GCC) 
configure:3465: $? = 0
configure:3454: gcc -V >&5
gcc: error: unrecognized command line option '-V'
gcc: fatal error: no input files
compilation terminated.
configure:3465: $? = 1
configure:3454: gcc -qversion >&5
gcc: error: unrecognized command line option '-qversion'; did you mean '--version'?
gcc: fatal error: no input files
compilation terminated.
configure:3465: $? = 1
configure:3485: checking whether the C compiler works
configure:3507: gcc -march=x86-64 -mtune=generic -O2 -pipe -fstack-protector-strong -fno-plt -D_FORTIFY_SOURCE=2 -Wl,-O1,--sort-common,--as-needed,-z,relro,-z,now conftest.c  >&5
configure:3511: $? = 0
configure:3559: result: yes
configure:3562: checking for C compiler default output file name
configure:3564: result: a.out
configure:3570: checking for suffix of executables
configure:3577: gcc -o conftest -march=x86-64 -mtune=generic -O2 -pipe -fstack-protector-strong -fno-plt -D_FORTIFY_SOURCE=2 -Wl,-O1,--sort-common,--as-needed,-z,relro,-z,now conftest.c  >&5
configure:3581: $? = 0
configure:3603: result: 
configure:3625: checking whether we are cross compiling
configure:3633: gcc -o conftest -march=x86-64 -mtune=generic -O2 -pipe -fstack-protector-strong -fno-plt -D_FORTIFY_SOURCE=2 -Wl,-O1,--sort-common,--as-needed,-z,relro,-z,now conftest.c  >&5
configure:3637: $? = 0
configure:3644: ./conftest
configure:3648: $? = 0
configure:3663: result: no
configure:3668: checking for suffix of object files
configure:3690: gcc -c -march=x86-64 -mtune=generic -O2 -pipe -fstack-protector-strong -fno-plt -D_FORTIFY_SOURCE=2 conftest.c >&5
configure:3694: $? = 0
configure:3715: result: o
configure:3719: checking whether we are using the GNU C compiler
configure:3738: gcc -c -march=x86-64 -mtune=generic -O2 -pipe -fstack-protector-strong -fno-plt -D_FORTIFY_SOURCE=2 conftest.c >&5
configure:3738: $? = 0
configure:3747: result: yes
configure:3756: checking whether gcc accepts -g
configure:3776: gcc -c -g -D_FORTIFY_SOURCE=2 conftest.c >&5
configure:3776: $? = 0
configure:3817: result: yes
configure:3834: checking for gcc option to accept ISO C89
configure:3897: gcc  -c -march=x86-64 -mtune=generic -O2 -pipe -fstack-protector-strong -fno-plt -D_FORTIFY_SOURCE=2 conftest.c >&5
configure:3897: $? = 0
configure:3910: result: none needed
configure:3932: checking dependency style of gcc
configure:4043: result: gcc3
configure:4059: checking whether gcc and cc understand -c and -o together
configure:4090: gcc -c conftest.c -o conftest2.o >&5
configure:4094: $? = 0
configure:4100: gcc -c conftest.c -o conftest2.o >&5
configure:4104: $? = 0
configure:4115: cc -c conftest.c >&5
configure:4119: $? = 0
configure:4127: cc -c conftest.c -o conftest2.o >&5
configure:4131: $? = 0
configure:4137: cc -c conftest.c -o conftest2.o >&5
configure:4141: $? = 0
configure:4159: result: yes
configure:4189: checking how to run the C preprocessor
configure:4220: gcc -E -D_FORTIFY_SOURCE=2 conftest.c
In file included from /usr/include/bits/libc-header-start.h:33,
                 from /usr/include/limits.h:26,
                 from /usr/lib/gcc/x86_64-pc-linux-gnu/8.1.1/include-fixed/limits.h:194,
                 from /usr/lib/gcc/x86_64-pc-linux-gnu/8.1.1/include-fixed/syslimits.h:7,
                 from /usr/lib/gcc/x86_64-pc-linux-gnu/8.1.1/include-fixed/limits.h:34,
                 from conftest.c:12:
/usr/include/features.h:381:4: warning: #warning _FORTIFY_SOURCE requires compiling with optimization (-O) [-Wcpp]
 #  warning _FORTIFY_SOURCE requires compiling with optimization (-O)
    ^~~~~~~
configure:4220: $? = 0
configure:4234: gcc -E -D_FORTIFY_SOURCE=2 conftest.c
conftest.c:11:10: fatal error: ac_nonexistent.h: No such file or directory
 #include <ac_nonexistent.h>
          ^~~~~~~~~~~~~~~~~~
compilation terminated.
configure:4234: $? = 1
configure: failed program was:
| /* confdefs.h */
| #define PACKAGE_NAME "openbox"
| #define PACKAGE_TARNAME "openbox"
| #define PACKAGE_VERSION "3.6.1"
| #define PACKAGE_STRING "openbox 3.6.1"
| #define PACKAGE_BUGREPORT "http://bugzilla.icculus.org"
| #define PACKAGE_URL ""
| #define PACKAGE "openbox"
| #define VERSION "3.6.1"
| /* end confdefs.h.  */
| #include <ac_nonexistent.h>
configure:4259: result: gcc -E
configure:4279: gcc -E -D_FORTIFY_SOURCE=2 conftest.c
In file included from /usr/include/bits/libc-header-start.h:33,
                 from /usr/include/limits.h:26,
                 from /usr/lib/gcc/x86_64-pc-linux-gnu/8.1.1/include-fixed/limits.h:194,
                 from /usr/lib/gcc/x86_64-pc-linux-gnu/8.1.1/include-fixed/syslimits.h:7,
                 from /usr/lib/gcc/x86_64-pc-linux-gnu/8.1.1/include-fixed/limits.h:34,
                 from conftest.c:12:
/usr/include/features.h:381:4: warning: #warning _FORTIFY_SOURCE requires compiling with optimization (-O) [-Wcpp]
 #  warning _FORTIFY_SOURCE requires compiling with optimization (-O)
    ^~~~~~~
configure:4279: $? = 0
configure:4293: gcc -E -D_FORTIFY_SOURCE=2 conftest.c
conftest.c:11:10: fatal error: ac_nonexistent.h: No such file or directory
 #include <ac_nonexistent.h>
          ^~~~~~~~~~~~~~~~~~
compilation terminated.
configure:4293: $? = 1
configure: failed program was:
| /* confdefs.h */
| #define PACKAGE_NAME "openbox"
| #define PACKAGE_TARNAME "openbox"
| #define PACKAGE_VERSION "3.6.1"
| #define PACKAGE_STRING "openbox 3.6.1"
| #define PACKAGE_BUGREPORT "http://bugzilla.icculus.org"
| #define PACKAGE_URL ""
| #define PACKAGE "openbox"
| #define VERSION "3.6.1"
| /* end confdefs.h.  */
| #include <ac_nonexistent.h>
configure:4335: checking for GNU CC
configure:4338: result: yes
configure:4363: checking for compiler specific flags
configure:4365: result: -DNDEBUG -DG_DISABLE_ASSERT -fno-strict-aliasing
configure:4371: checking for an ANSI C-conforming const
configure:4437: gcc -c -march=x86-64 -mtune=generic -O2 -pipe -fstack-protector-strong -fno-plt -DNDEBUG -DG_DISABLE_ASSERT -fno-strict-aliasing -D_FORTIFY_SOURCE=2 conftest.c >&5
configure:4437: $? = 0
configure:4444: result: yes
configure:4452: checking for inline
configure:4468: gcc -c -march=x86-64 -mtune=generic -O2 -pipe -fstack-protector-strong -fno-plt -DNDEBUG -DG_DISABLE_ASSERT -fno-strict-aliasing -D_FORTIFY_SOURCE=2 conftest.c >&5
configure:4468: $? = 0
configure:4476: result: inline
configure:4524: checking build system type
configure:4538: result: x86_64-unknown-linux-gnu
configure:4558: checking host system type
configure:4571: result: x86_64-unknown-linux-gnu
configure:4612: checking how to print strings
configure:4639: result: printf
configure:4660: checking for a sed that does not truncate output
configure:4724: result: /usr/bin/sed
configure:4742: checking for grep that handles long lines and -e
configure:4800: result: /usr/bin/grep
configure:4805: checking for egrep
configure:4867: result: /usr/bin/grep -E
configure:4872: checking for fgrep
configure:4934: result: /usr/bin/grep -F
configure:4969: checking for ld used by gcc
configure:5036: result: /usr/bin/ld
configure:5043: checking if the linker (/usr/bin/ld) is GNU ld
configure:5058: result: yes
configure:5070: checking for BSD- or MS-compatible name lister (nm)
configure:5124: result: /usr/bin/nm -B
configure:5254: checking the name lister (/usr/bin/nm -B) interface
configure:5261: gcc -c -march=x86-64 -mtune=generic -O2 -pipe -fstack-protector-strong -fno-plt -DNDEBUG -DG_DISABLE_ASSERT -fno-strict-aliasing -D_FORTIFY_SOURCE=2 conftest.c >&5
configure:5264: /usr/bin/nm -B "conftest.o"
configure:5267: output
0000000000000000 B some_variable
configure:5274: result: BSD nm
configure:5277: checking whether ln -s works
configure:5281: result: yes
configure:5289: checking the maximum length of command line arguments
configure:5420: result: 1572864
configure:5468: checking how to convert x86_64-unknown-linux-gnu file names to x86_64-unknown-linux-gnu format
configure:5508: result: func_convert_file_noop
configure:5515: checking how to convert x86_64-unknown-linux-gnu file names to toolchain format
configure:5535: result: func_convert_file_noop
configure:5542: checking for /usr/bin/ld option to reload object files
configure:5549: result: -r
configure:5623: checking for objdump
configure:5639: found /usr/bin/objdump
configure:5650: result: objdump
configure:5682: checking how to recognize dependent libraries
configure:5882: result: pass_all
configure:5967: checking for dlltool
configure:5997: result: no
configure:6027: checking how to associate runtime and link libraries
configure:6054: result: printf %s\n
configure:6114: checking for ar
configure:6130: found /usr/bin/ar
configure:6141: result: ar
configure:6178: checking for archiver @FILE support
configure:6195: gcc -c -march=x86-64 -mtune=generic -O2 -pipe -fstack-protector-strong -fno-plt -DNDEBUG -DG_DISABLE_ASSERT -fno-strict-aliasing -D_FORTIFY_SOURCE=2 conftest.c >&5
configure:6195: $? = 0
configure:6198: ar cru libconftest.a @conftest.lst >&5
ar: `u' modifier ignored since `D' is the default (see `U')
configure:6201: $? = 0
configure:6206: ar cru libconftest.a @conftest.lst >&5
ar: `u' modifier ignored since `D' is the default (see `U')
ar: conftest.o: No such file or directory
configure:6209: $? = 1
configure:6221: result: @
configure:6279: checking for strip
configure:6295: found /usr/bin/strip
configure:6306: result: strip
configure:6378: checking for ranlib
configure:6394: found /usr/bin/ranlib
configure:6405: result: ranlib
configure:6507: checking command to parse /usr/bin/nm -B output from gcc object
configure:6660: gcc -c -march=x86-64 -mtune=generic -O2 -pipe -fstack-protector-strong -fno-plt -DNDEBUG -DG_DISABLE_ASSERT -fno-strict-aliasing -D_FORTIFY_SOURCE=2 conftest.c >&5
configure:6663: $? = 0
configure:6667: /usr/bin/nm -B conftest.o \| sed -n -e 's/^.*[ ]\([ABCDGIRSTW][ABCDGIRSTW]*\)[ ][ ]*\([_A-Za-z][_A-Za-z0-9]*\)$/\1 \2 \2/p' | sed '/ __gnu_lto/d' \> conftest.nm
configure:6670: $? = 0
configure:6736: gcc -o conftest -march=x86-64 -mtune=generic -O2 -pipe -fstack-protector-strong -fno-plt -DNDEBUG -DG_DISABLE_ASSERT -fno-strict-aliasing -D_FORTIFY_SOURCE=2 -Wl,-O1,--sort-common,--as-needed,-z,relro,-z,now conftest.c conftstm.o >&5
configure:6739: $? = 0
configure:6777: result: ok
configure:6824: checking for sysroot
configure:6854: result: no
configure:6861: checking for a working dd
configure:6899: result: /usr/bin/dd
configure:6903: checking how to truncate binary pipes
configure:6918: result: /usr/bin/dd bs=4096 count=1
configure:7054: gcc -c -march=x86-64 -mtune=generic -O2 -pipe -fstack-protector-strong -fno-plt -DNDEBUG -DG_DISABLE_ASSERT -fno-strict-aliasing -D_FORTIFY_SOURCE=2 conftest.c >&5
configure:7057: $? = 0
configure:7247: checking for mt
configure:7277: result: no
configure:7297: checking if : is a manifest tool
configure:7303: : '-?'
configure:7311: result: no
configure:7984: checking for ANSI C header files
configure:8004: gcc -c -march=x86-64 -mtune=generic -O2 -pipe -fstack-protector-strong -fno-plt -DNDEBUG -DG_DISABLE_ASSERT -fno-strict-aliasing -D_FORTIFY_SOURCE=2 conftest.c >&5
configure:8004: $? = 0
In file included from /usr/include/bits/libc-header-start.h:33,
                 from /usr/include/string.h:26,
                 from conftest.c:11:
/usr/include/features.h:381:4: warning: #warning _FORTIFY_SOURCE requires compiling with optimization (-O) [-Wcpp]
 #  warning _FORTIFY_SOURCE requires compiling with optimization (-O)
    ^~~~~~~
In file included from /usr/include/bits/libc-header-start.h:33,
                 from /usr/include/stdlib.h:25,
                 from conftest.c:11:
/usr/include/features.h:381:4: warning: #warning _FORTIFY_SOURCE requires compiling with optimization (-O) [-Wcpp]
 #  warning _FORTIFY_SOURCE requires compiling with optimization (-O)
    ^~~~~~~
configure:8077: gcc -o conftest -march=x86-64 -mtune=generic -O2 -pipe -fstack-protector-strong -fno-plt -DNDEBUG -DG_DISABLE_ASSERT -fno-strict-aliasing -D_FORTIFY_SOURCE=2 -Wl,-O1,--sort-common,--as-needed,-z,relro,-z,now conftest.c   >&5
configure:8077: $? = 0
configure:8077: ./conftest
configure:8077: $? = 0
configure:8088: result: yes
configure:8101: checking for sys/types.h
configure:8101: gcc -c -march=x86-64 -mtune=generic -O2 -pipe -fstack-protector-strong -fno-plt -DNDEBUG -DG_DISABLE_ASSERT -fno-strict-aliasing -D_FORTIFY_SOURCE=2 conftest.c >&5
configure:8101: $? = 0
configure:8101: result: yes
configure:8101: checking for sys/stat.h
configure:8101: gcc -c -march=x86-64 -mtune=generic -O2 -pipe -fstack-protector-strong -fno-plt -DNDEBUG -DG_DISABLE_ASSERT -fno-strict-aliasing -D_FORTIFY_SOURCE=2 conftest.c >&5
configure:8101: $? = 0
configure:8101: result: yes
configure:8101: checking for stdlib.h
configure:8101: gcc -c -march=x86-64 -mtune=generic -O2 -pipe -fstack-protector-strong -fno-plt -DNDEBUG -DG_DISABLE_ASSERT -fno-strict-aliasing -D_FORTIFY_SOURCE=2 conftest.c >&5
configure:8101: $? = 0
configure:8101: result: yes
configure:8101: checking for string.h
configure:8101: gcc -c -march=x86-64 -mtune=generic -O2 -pipe -fstack-protector-strong -fno-plt -DNDEBUG -DG_DISABLE_ASSERT -fno-strict-aliasing -D_FORTIFY_SOURCE=2 conftest.c >&5
configure:8101: $? = 0
configure:8101: result: yes
configure:8101: checking for memory.h
configure:8101: gcc -c -march=x86-64 -mtune=generic -O2 -pipe -fstack-protector-strong -fno-plt -DNDEBUG -DG_DISABLE_ASSERT -fno-strict-aliasing -D_FORTIFY_SOURCE=2 conftest.c >&5
configure:8101: $? = 0
configure:8101: result: yes
configure:8101: checking for strings.h
configure:8101: gcc -c -march=x86-64 -mtune=generic -O2 -pipe -fstack-protector-strong -fno-plt -DNDEBUG -DG_DISABLE_ASSERT -fno-strict-aliasing -D_FORTIFY_SOURCE=2 conftest.c >&5
configure:8101: $? = 0
configure:8101: result: yes
configure:8101: checking for inttypes.h
configure:8101: gcc -c -march=x86-64 -mtune=generic -O2 -pipe -fstack-protector-strong -fno-plt -DNDEBUG -DG_DISABLE_ASSERT -fno-strict-aliasing -D_FORTIFY_SOURCE=2 conftest.c >&5
configure:8101: $? = 0
configure:8101: result: yes
configure:8101: checking for stdint.h
configure:8101: gcc -c -march=x86-64 -mtune=generic -O2 -pipe -fstack-protector-strong -fno-plt -DNDEBUG -DG_DISABLE_ASSERT -fno-strict-aliasing -D_FORTIFY_SOURCE=2 conftest.c >&5
configure:8101: $? = 0
configure:8101: result: yes
configure:8101: checking for unistd.h
configure:8101: gcc -c -march=x86-64 -mtune=generic -O2 -pipe -fstack-protector-strong -fno-plt -DNDEBUG -DG_DISABLE_ASSERT -fno-strict-aliasing -D_FORTIFY_SOURCE=2 conftest.c >&5
configure:8101: $? = 0
configure:8101: result: yes
configure:8115: checking for dlfcn.h
configure:8115: gcc -c -march=x86-64 -mtune=generic -O2 -pipe -fstack-protector-strong -fno-plt -DNDEBUG -DG_DISABLE_ASSERT -fno-strict-aliasing -D_FORTIFY_SOURCE=2 conftest.c >&5
configure:8115: $? = 0
configure:8115: result: yes
configure:8371: checking for objdir
configure:8386: result: .libs
configure:8650: checking if gcc supports -fno-rtti -fno-exceptions
configure:8668: gcc -c -march=x86-64 -mtune=generic -O2 -pipe -fstack-protector-strong -fno-plt -DNDEBUG -DG_DISABLE_ASSERT -fno-strict-aliasing -D_FORTIFY_SOURCE=2 -fno-rtti -fno-exceptions conftest.c >&5
cc1: warning: command line option '-fno-rtti' is valid for C++/ObjC++ but not for C
configure:8672: $? = 0
configure:8685: result: no
configure:9043: checking for gcc option to produce PIC
configure:9050: result: -fPIC -DPIC
configure:9058: checking if gcc PIC flag -fPIC -DPIC works
configure:9076: gcc -c -march=x86-64 -mtune=generic -O2 -pipe -fstack-protector-strong -fno-plt -DNDEBUG -DG_DISABLE_ASSERT -fno-strict-aliasing -D_FORTIFY_SOURCE=2 -fPIC -DPIC -DPIC conftest.c >&5
configure:9080: $? = 0
configure:9093: result: yes
configure:9122: checking if gcc static flag -static works
configure:9150: result: yes
configure:9165: checking if gcc supports -c -o file.o
configure:9186: gcc -c -march=x86-64 -mtune=generic -O2 -pipe -fstack-protector-strong -fno-plt -DNDEBUG -DG_DISABLE_ASSERT -fno-strict-aliasing -D_FORTIFY_SOURCE=2 -o out/conftest2.o conftest.c >&5
configure:9190: $? = 0
configure:9212: result: yes
configure:9220: checking if gcc supports -c -o file.o
configure:9267: result: yes
configure:9300: checking whether the gcc linker (/usr/bin/ld -m elf_x86_64) supports shared libraries
configure:10559: result: yes
configure:10596: checking whether -lc should be explicitly linked in
configure:10604: gcc -c -march=x86-64 -mtune=generic -O2 -pipe -fstack-protector-strong -fno-plt -DNDEBUG -DG_DISABLE_ASSERT -fno-strict-aliasing -D_FORTIFY_SOURCE=2 conftest.c >&5
configure:10607: $? = 0
configure:10622: gcc -shared  -fPIC -DPIC conftest.o  -v -Wl,-soname -Wl,conftest -o conftest 2\>\&1 \| /usr/bin/grep  -lc  \>/dev/null 2\>\&1
configure:10625: $? = 0
configure:10639: result: no
configure:10799: checking dynamic linker characteristics
configure:11393: gcc -o conftest -march=x86-64 -mtune=generic -O2 -pipe -fstack-protector-strong -fno-plt -DNDEBUG -DG_DISABLE_ASSERT -fno-strict-aliasing -D_FORTIFY_SOURCE=2 -Wl,-O1,--sort-common,--as-needed,-z,relro,-z,now -Wl,-rpath -Wl,/foo conftest.c   >&5
configure:11393: $? = 0
configure:11630: result: GNU/Linux ld.so
configure:11752: checking how to hardcode library paths into programs
configure:11777: result: immediate
configure:12325: checking whether stripping libraries is possible
configure:12330: result: yes
configure:12365: checking if libtool supports shared libraries
configure:12367: result: yes
configure:12370: checking whether to build shared libraries
configure:12395: result: yes
configure:12398: checking whether to build static libraries
configure:12402: result: yes
configure:12446: checking whether NLS is requested
configure:12455: result: yes
configure:12493: checking for msgfmt
configure: trying /usr/bin/msgfmt...
0 translated messages.
configure:12525: result: /usr/bin/msgfmt
configure:12534: checking for gmsgfmt
configure:12565: result: /usr/bin/msgfmt
configure:12616: checking for xgettext
configure: trying /usr/bin/xgettext...
/usr/bin/xgettext: warning: file '/dev/null' extension '' is unknown; will try C
configure:12648: result: /usr/bin/xgettext
configure:12694: checking for msgmerge
configure: trying /usr/bin/msgmerge...
configure:12725: result: /usr/bin/msgmerge
configure:12779: checking for ld used by GCC
configure:12843: result: /usr/bin/ld -m elf_x86_64
configure:12850: checking if the linker (/usr/bin/ld -m elf_x86_64) is GNU ld
configure:12863: result: yes
configure:12870: checking for shared library run path origin
configure:12883: result: done
configure:13319: checking for CFPreferencesCopyAppValue
configure:13337: gcc -o conftest -march=x86-64 -mtune=generic -O2 -pipe -fstack-protector-strong -fno-plt -DNDEBUG -DG_DISABLE_ASSERT -fno-strict-aliasing -D_FORTIFY_SOURCE=2 -Wl,-O1,--sort-common,--as-needed,-z,relro,-z,now conftest.c   -Wl,-framework -Wl,CoreFoundation >&5
conftest.c:23:10: fatal error: CoreFoundation/CFPreferences.h: No such file or directory
 #include <CoreFoundation/CFPreferences.h>
          ^~~~~~~~~~~~~~~~~~~~~~~~~~~~~~~~
compilation terminated.
configure:13337: $? = 1
configure: failed program was:
| /* confdefs.h */
| #define PACKAGE_NAME "openbox"
| #define PACKAGE_TARNAME "openbox"
| #define PACKAGE_VERSION "3.6.1"
| #define PACKAGE_STRING "openbox 3.6.1"
| #define PACKAGE_BUGREPORT "http://bugzilla.icculus.org"
| #define PACKAGE_URL ""
| #define PACKAGE "openbox"
| #define VERSION "3.6.1"
| #define STDC_HEADERS 1
| #define HAVE_SYS_TYPES_H 1
| #define HAVE_SYS_STAT_H 1
| #define HAVE_STDLIB_H 1
| #define HAVE_STRING_H 1
| #define HAVE_MEMORY_H 1
| #define HAVE_STRINGS_H 1
| #define HAVE_INTTYPES_H 1
| #define HAVE_STDINT_H 1
| #define HAVE_UNISTD_H 1
| #define HAVE_DLFCN_H 1
| #define LT_OBJDIR ".libs/"
| /* end confdefs.h.  */
| #include <CoreFoundation/CFPreferences.h>
| int
| main ()
| {
| CFPreferencesCopyAppValue(NULL, NULL)
|   ;
|   return 0;
| }
configure:13346: result: no
configure:13353: checking for CFLocaleCopyCurrent
configure:13371: gcc -o conftest -march=x86-64 -mtune=generic -O2 -pipe -fstack-protector-strong -fno-plt -DNDEBUG -DG_DISABLE_ASSERT -fno-strict-aliasing -D_FORTIFY_SOURCE=2 -Wl,-O1,--sort-common,--as-needed,-z,relro,-z,now conftest.c   -Wl,-framework -Wl,CoreFoundation >&5
conftest.c:23:10: fatal error: CoreFoundation/CFLocale.h: No such file or directory
 #include <CoreFoundation/CFLocale.h>
          ^~~~~~~~~~~~~~~~~~~~~~~~~~~
compilation terminated.
configure:13371: $? = 1
configure: failed program was:
| /* confdefs.h */
| #define PACKAGE_NAME "openbox"
| #define PACKAGE_TARNAME "openbox"
| #define PACKAGE_VERSION "3.6.1"
| #define PACKAGE_STRING "openbox 3.6.1"
| #define PACKAGE_BUGREPORT "http://bugzilla.icculus.org"
| #define PACKAGE_URL ""
| #define PACKAGE "openbox"
| #define VERSION "3.6.1"
| #define STDC_HEADERS 1
| #define HAVE_SYS_TYPES_H 1
| #define HAVE_SYS_STAT_H 1
| #define HAVE_STDLIB_H 1
| #define HAVE_STRING_H 1
| #define HAVE_MEMORY_H 1
| #define HAVE_STRINGS_H 1
| #define HAVE_INTTYPES_H 1
| #define HAVE_STDINT_H 1
| #define HAVE_UNISTD_H 1
| #define HAVE_DLFCN_H 1
| #define LT_OBJDIR ".libs/"
| /* end confdefs.h.  */
| #include <CoreFoundation/CFLocale.h>
| int
| main ()
| {
| CFLocaleCopyCurrent();
|   ;
|   return 0;
| }
configure:13380: result: no
configure:13409: checking for GNU gettext in libc
configure:13428: gcc -o conftest -march=x86-64 -mtune=generic -O2 -pipe -fstack-protector-strong -fno-plt -DNDEBUG -DG_DISABLE_ASSERT -fno-strict-aliasing -D_FORTIFY_SOURCE=2 -Wl,-O1,--sort-common,--as-needed,-z,relro,-z,now conftest.c   >&5
configure:13428: $? = 0
configure:13436: result: yes
configure:14025: checking whether to use NLS
configure:14027: result: yes
configure:14030: checking where the gettext function comes from
configure:14041: result: libc
configure:14102: checking ctype.h usability
configure:14102: gcc -c -march=x86-64 -mtune=generic -O2 -pipe -fstack-protector-strong -fno-plt -DNDEBUG -DG_DISABLE_ASSERT -fno-strict-aliasing -D_FORTIFY_SOURCE=2 conftest.c >&5
configure:14102: $? = 0
configure:14102: result: yes
configure:14102: checking ctype.h presence
configure:14102: gcc -E -D_FORTIFY_SOURCE=2 conftest.c
In file included from /usr/include/ctype.h:25,
                 from conftest.c:26:
/usr/include/features.h:381:4: warning: #warning _FORTIFY_SOURCE requires compiling with optimization (-O) [-Wcpp]
 #  warning _FORTIFY_SOURCE requires compiling with optimization (-O)
    ^~~~~~~
configure:14102: $? = 0
configure:14102: result: yes
configure:14102: checking for ctype.h
configure:14102: result: yes
configure:14102: checking dirent.h usability
configure:14102: gcc -c -march=x86-64 -mtune=generic -O2 -pipe -fstack-protector-strong -fno-plt -DNDEBUG -DG_DISABLE_ASSERT -fno-strict-aliasing -D_FORTIFY_SOURCE=2 conftest.c >&5
configure:14102: $? = 0
configure:14102: result: yes
configure:14102: checking dirent.h presence
configure:14102: gcc -E -D_FORTIFY_SOURCE=2 conftest.c
In file included from /usr/include/dirent.h:25,
                 from conftest.c:27:
/usr/include/features.h:381:4: warning: #warning _FORTIFY_SOURCE requires compiling with optimization (-O) [-Wcpp]
 #  warning _FORTIFY_SOURCE requires compiling with optimization (-O)
    ^~~~~~~
configure:14102: $? = 0
configure:14102: result: yes
configure:14102: checking for dirent.h
configure:14102: result: yes
configure:14102: checking errno.h usability
configure:14102: gcc -c -march=x86-64 -mtune=generic -O2 -pipe -fstack-protector-strong -fno-plt -DNDEBUG -DG_DISABLE_ASSERT -fno-strict-aliasing -D_FORTIFY_SOURCE=2 conftest.c >&5
configure:14102: $? = 0
configure:14102: result: yes
configure:14102: checking errno.h presence
configure:14102: gcc -E -D_FORTIFY_SOURCE=2 conftest.c
In file included from /usr/include/errno.h:25,
                 from conftest.c:28:
/usr/include/features.h:381:4: warning: #warning _FORTIFY_SOURCE requires compiling with optimization (-O) [-Wcpp]
 #  warning _FORTIFY_SOURCE requires compiling with optimization (-O)
    ^~~~~~~
configure:14102: $? = 0
configure:14102: result: yes
configure:14102: checking for errno.h
configure:14102: result: yes
configure:14102: checking fcntl.h usability
configure:14102: gcc -c -march=x86-64 -mtune=generic -O2 -pipe -fstack-protector-strong -fno-plt -DNDEBUG -DG_DISABLE_ASSERT -fno-strict-aliasing -D_FORTIFY_SOURCE=2 conftest.c >&5
configure:14102: $? = 0
configure:14102: result: yes
configure:14102: checking fcntl.h presence
configure:14102: gcc -E -D_FORTIFY_SOURCE=2 conftest.c
In file included from /usr/include/fcntl.h:25,
                 from conftest.c:29:
/usr/include/features.h:381:4: warning: #warning _FORTIFY_SOURCE requires compiling with optimization (-O) [-Wcpp]
 #  warning _FORTIFY_SOURCE requires compiling with optimization (-O)
    ^~~~~~~
configure:14102: $? = 0
configure:14102: result: yes
configure:14102: checking for fcntl.h
configure:14102: result: yes
configure:14102: checking grp.h usability
configure:14102: gcc -c -march=x86-64 -mtune=generic -O2 -pipe -fstack-protector-strong -fno-plt -DNDEBUG -DG_DISABLE_ASSERT -fno-strict-aliasing -D_FORTIFY_SOURCE=2 conftest.c >&5
configure:14102: $? = 0
configure:14102: result: yes
configure:14102: checking grp.h presence
configure:14102: gcc -E -D_FORTIFY_SOURCE=2 conftest.c
In file included from /usr/include/grp.h:25,
                 from conftest.c:30:
/usr/include/features.h:381:4: warning: #warning _FORTIFY_SOURCE requires compiling with optimization (-O) [-Wcpp]
 #  warning _FORTIFY_SOURCE requires compiling with optimization (-O)
    ^~~~~~~
configure:14102: $? = 0
configure:14102: result: yes
configure:14102: checking for grp.h
configure:14102: result: yes
configure:14102: checking locale.h usability
configure:14102: gcc -c -march=x86-64 -mtune=generic -O2 -pipe -fstack-protector-strong -fno-plt -DNDEBUG -DG_DISABLE_ASSERT -fno-strict-aliasing -D_FORTIFY_SOURCE=2 conftest.c >&5
configure:14102: $? = 0
configure:14102: result: yes
configure:14102: checking locale.h presence
configure:14102: gcc -E -D_FORTIFY_SOURCE=2 conftest.c
In file included from /usr/include/locale.h:25,
                 from conftest.c:31:
/usr/include/features.h:381:4: warning: #warning _FORTIFY_SOURCE requires compiling with optimization (-O) [-Wcpp]
 #  warning _FORTIFY_SOURCE requires compiling with optimization (-O)
    ^~~~~~~
configure:14102: $? = 0
configure:14102: result: yes
configure:14102: checking for locale.h
configure:14102: result: yes
configure:14102: checking pwd.h usability
configure:14102: gcc -c -march=x86-64 -mtune=generic -O2 -pipe -fstack-protector-strong -fno-plt -DNDEBUG -DG_DISABLE_ASSERT -fno-strict-aliasing -D_FORTIFY_SOURCE=2 conftest.c >&5
configure:14102: $? = 0
configure:14102: result: yes
configure:14102: checking pwd.h presence
configure:14102: gcc -E -D_FORTIFY_SOURCE=2 conftest.c
In file included from /usr/include/pwd.h:25,
                 from conftest.c:32:
/usr/include/features.h:381:4: warning: #warning _FORTIFY_SOURCE requires compiling with optimization (-O) [-Wcpp]
 #  warning _FORTIFY_SOURCE requires compiling with optimization (-O)
    ^~~~~~~
configure:14102: $? = 0
configure:14102: result: yes
configure:14102: checking for pwd.h
configure:14102: result: yes
configure:14115: checking signal.h usability
configure:14115: gcc -c -march=x86-64 -mtune=generic -O2 -pipe -fstack-protector-strong -fno-plt -DNDEBUG -DG_DISABLE_ASSERT -fno-strict-aliasing -D_FORTIFY_SOURCE=2 conftest.c >&5
configure:14115: $? = 0
configure:14115: result: yes
configure:14115: checking signal.h presence
configure:14115: gcc -E -D_FORTIFY_SOURCE=2 conftest.c
In file included from /usr/include/signal.h:25,
                 from conftest.c:33:
/usr/include/features.h:381:4: warning: #warning _FORTIFY_SOURCE requires compiling with optimization (-O) [-Wcpp]
 #  warning _FORTIFY_SOURCE requires compiling with optimization (-O)
    ^~~~~~~
configure:14115: $? = 0
configure:14115: result: yes
configure:14115: checking for signal.h
configure:14115: result: yes
configure:14115: checking for string.h
configure:14115: result: yes
configure:14115: checking stdio.h usability
configure:14115: gcc -c -march=x86-64 -mtune=generic -O2 -pipe -fstack-protector-strong -fno-plt -DNDEBUG -DG_DISABLE_ASSERT -fno-strict-aliasing -D_FORTIFY_SOURCE=2 conftest.c >&5
configure:14115: $? = 0
configure:14115: result: yes
configure:14115: checking stdio.h presence
configure:14115: gcc -E -D_FORTIFY_SOURCE=2 conftest.c
In file included from /usr/include/bits/libc-header-start.h:33,
                 from /usr/include/stdio.h:27,
                 from conftest.c:35:
/usr/include/features.h:381:4: warning: #warning _FORTIFY_SOURCE requires compiling with optimization (-O) [-Wcpp]
 #  warning _FORTIFY_SOURCE requires compiling with optimization (-O)
    ^~~~~~~
configure:14115: $? = 0
configure:14115: result: yes
configure:14115: checking for stdio.h
configure:14115: result: yes
configure:14115: checking for stdlib.h
configure:14115: result: yes
configure:14115: checking for unistd.h
configure:14115: result: yes
configure:14115: checking for sys/stat.h
configure:14115: result: yes
configure:14128: checking sys/select.h usability
configure:14128: gcc -c -march=x86-64 -mtune=generic -O2 -pipe -fstack-protector-strong -fno-plt -DNDEBUG -DG_DISABLE_ASSERT -fno-strict-aliasing -D_FORTIFY_SOURCE=2 conftest.c >&5
configure:14128: $? = 0
configure:14128: result: yes
configure:14128: checking sys/select.h presence
configure:14128: gcc -E -D_FORTIFY_SOURCE=2 conftest.c
In file included from /usr/include/sys/select.h:24,
                 from conftest.c:39:
/usr/include/features.h:381:4: warning: #warning _FORTIFY_SOURCE requires compiling with optimization (-O) [-Wcpp]
 #  warning _FORTIFY_SOURCE requires compiling with optimization (-O)
    ^~~~~~~
configure:14128: $? = 0
configure:14128: result: yes
configure:14128: checking for sys/select.h
configure:14128: result: yes
configure:14128: checking sys/socket.h usability
configure:14128: gcc -c -march=x86-64 -mtune=generic -O2 -pipe -fstack-protector-strong -fno-plt -DNDEBUG -DG_DISABLE_ASSERT -fno-strict-aliasing -D_FORTIFY_SOURCE=2 conftest.c >&5
configure:14128: $? = 0
configure:14128: result: yes
configure:14128: checking sys/socket.h presence
configure:14128: gcc -E -D_FORTIFY_SOURCE=2 conftest.c
In file included from /usr/include/sys/socket.h:22,
                 from conftest.c:40:
/usr/include/features.h:381:4: warning: #warning _FORTIFY_SOURCE requires compiling with optimization (-O) [-Wcpp]
 #  warning _FORTIFY_SOURCE requires compiling with optimization (-O)
    ^~~~~~~
configure:14128: $? = 0
configure:14128: result: yes
configure:14128: checking for sys/socket.h
configure:14128: result: yes
configure:14128: checking sys/time.h usability
configure:14128: gcc -c -march=x86-64 -mtune=generic -O2 -pipe -fstack-protector-strong -fno-plt -DNDEBUG -DG_DISABLE_ASSERT -fno-strict-aliasing -D_FORTIFY_SOURCE=2 conftest.c >&5
configure:14128: $? = 0
configure:14128: result: yes
configure:14128: checking sys/time.h presence
configure:14128: gcc -E -D_FORTIFY_SOURCE=2 conftest.c
In file included from /usr/include/sys/time.h:21,
                 from conftest.c:41:
/usr/include/features.h:381:4: warning: #warning _FORTIFY_SOURCE requires compiling with optimization (-O) [-Wcpp]
 #  warning _FORTIFY_SOURCE requires compiling with optimization (-O)
    ^~~~~~~
configure:14128: $? = 0
configure:14128: result: yes
configure:14128: checking for sys/time.h
configure:14128: result: yes
configure:14128: checking for sys/types.h
configure:14128: result: yes
configure:14128: checking sys/wait.h usability
configure:14128: gcc -c -march=x86-64 -mtune=generic -O2 -pipe -fstack-protector-strong -fno-plt -DNDEBUG -DG_DISABLE_ASSERT -fno-strict-aliasing -D_FORTIFY_SOURCE=2 conftest.c >&5
configure:14128: $? = 0
configure:14128: result: yes
configure:14128: checking sys/wait.h presence
configure:14128: gcc -E -D_FORTIFY_SOURCE=2 conftest.c
In file included from /usr/include/sys/wait.h:25,
                 from conftest.c:43:
/usr/include/features.h:381:4: warning: #warning _FORTIFY_SOURCE requires compiling with optimization (-O) [-Wcpp]
 #  warning _FORTIFY_SOURCE requires compiling with optimization (-O)
    ^~~~~~~
configure:14128: $? = 0
configure:14128: result: yes
configure:14128: checking for sys/wait.h
configure:14128: result: yes
configure:14141: checking for sed
configure:14172: result: /usr/bin/sed
configure:14186: checking for dirname
configure:14204: found /usr/bin/dirname
configure:14217: result: /usr/bin/dirname
configure:14283: checking for pkg-config
configure:14301: found /usr/bin/pkg-config
configure:14313: result: /usr/bin/pkg-config
configure:14338: checking pkg-config is at least version 0.9.0
configure:14341: result: yes
configure:14351: checking for GLIB
configure:14358: $PKG_CONFIG --exists --print-errors "glib-2.0 >= 2.14.0"
configure:14361: $? = 0
configure:14375: $PKG_CONFIG --exists --print-errors "glib-2.0 >= 2.14.0"
configure:14378: $? = 0
configure:14436: result: yes
configure:14445: checking for PANGO
configure:14452: $PKG_CONFIG --exists --print-errors "pango >= 1.8.0 pangoxft >= 1.8.0"
configure:14455: $? = 0
configure:14469: $PKG_CONFIG --exists --print-errors "pango >= 1.8.0 pangoxft >= 1.8.0"
configure:14472: $? = 0
configure:14530: result: yes
configure:14539: checking for XML
configure:14546: $PKG_CONFIG --exists --print-errors "libxml-2.0 >= 2.6.0"
configure:14549: $? = 0
configure:14563: $PKG_CONFIG --exists --print-errors "libxml-2.0 >= 2.6.0"
configure:14566: $? = 0
configure:14624: result: yes
configure:14643: checking for LIBSN
configure:14650: $PKG_CONFIG --exists --print-errors "libstartup-notification-1.0 >= 0.8"
configure:14653: $? = 0
configure:14667: $PKG_CONFIG --exists --print-errors "libstartup-notification-1.0 >= 0.8"
configure:14670: $? = 0
configure:14714: result: yes
configure:14741: checking for XCURSOR
configure:14748: $PKG_CONFIG --exists --print-errors "xcursor"
configure:14751: $? = 0
configure:14765: $PKG_CONFIG --exists --print-errors "xcursor"
configure:14768: $? = 0
configure:14812: result: yes
configure:14839: checking for IMLIB2
configure:14846: $PKG_CONFIG --exists --print-errors "imlib2"
configure:14849: $? = 0
configure:14863: $PKG_CONFIG --exists --print-errors "imlib2"
configure:14866: $? = 0
configure:14910: result: yes
configure:14949: checking for LIBRSVG
configure:14956: $PKG_CONFIG --exists --print-errors "librsvg-2.0"
configure:14959: $? = 0
configure:14973: $PKG_CONFIG --exists --print-errors "librsvg-2.0"
configure:14976: $? = 0
configure:15020: result: yes
configure:15047: checking for X
configure:15155: gcc -E -D_FORTIFY_SOURCE=2 conftest.c
In file included from /usr/include/sys/types.h:25,
                 from /usr/include/X11/Xlib.h:38,
                 from conftest.c:48:
/usr/include/features.h:381:4: warning: #warning _FORTIFY_SOURCE requires compiling with optimization (-O) [-Wcpp]
 #  warning _FORTIFY_SOURCE requires compiling with optimization (-O)
    ^~~~~~~
configure:15155: $? = 0
configure:15186: gcc -o conftest -march=x86-64 -mtune=generic -O2 -pipe -fstack-protector-strong -fno-plt -DNDEBUG -DG_DISABLE_ASSERT -fno-strict-aliasing -D_FORTIFY_SOURCE=2 -Wl,-O1,--sort-common,--as-needed,-z,relro,-z,now conftest.c -lX11   >&5
configure:15186: $? = 0
configure:15236: result: libraries , headers 
configure:15336: gcc -o conftest -march=x86-64 -mtune=generic -O2 -pipe -fstack-protector-strong -fno-plt -DNDEBUG -DG_DISABLE_ASSERT -fno-strict-aliasing -D_FORTIFY_SOURCE=2 -Wl,-O1,--sort-common,--as-needed,-z,relro,-z,now conftest.c    -lX11 >&5
configure:15336: $? = 0
configure:15434: checking for gethostbyname
configure:15434: gcc -o conftest -march=x86-64 -mtune=generic -O2 -pipe -fstack-protector-strong -fno-plt -DNDEBUG -DG_DISABLE_ASSERT -fno-strict-aliasing -D_FORTIFY_SOURCE=2 -Wl,-O1,--sort-common,--as-needed,-z,relro,-z,now conftest.c   >&5
configure:15434: $? = 0
configure:15434: result: yes
configure:15531: checking for connect
configure:15531: gcc -o conftest -march=x86-64 -mtune=generic -O2 -pipe -fstack-protector-strong -fno-plt -DNDEBUG -DG_DISABLE_ASSERT -fno-strict-aliasing -D_FORTIFY_SOURCE=2 -Wl,-O1,--sort-common,--as-needed,-z,relro,-z,now conftest.c   >&5
configure:15531: $? = 0
configure:15531: result: yes
configure:15580: checking for remove
configure:15580: gcc -o conftest -march=x86-64 -mtune=generic -O2 -pipe -fstack-protector-strong -fno-plt -DNDEBUG -DG_DISABLE_ASSERT -fno-strict-aliasing -D_FORTIFY_SOURCE=2 -Wl,-O1,--sort-common,--as-needed,-z,relro,-z,now conftest.c   >&5
configure:15580: $? = 0
configure:15580: result: yes
configure:15629: checking for shmat
configure:15629: gcc -o conftest -march=x86-64 -mtune=generic -O2 -pipe -fstack-protector-strong -fno-plt -DNDEBUG -DG_DISABLE_ASSERT -fno-strict-aliasing -D_FORTIFY_SOURCE=2 -Wl,-O1,--sort-common,--as-needed,-z,relro,-z,now conftest.c   >&5
configure:15629: $? = 0
configure:15629: result: yes
configure:15687: checking for IceConnectionNumber in -lICE
configure:15712: gcc -o conftest -march=x86-64 -mtune=generic -O2 -pipe -fstack-protector-strong -fno-plt -DNDEBUG -DG_DISABLE_ASSERT -fno-strict-aliasing -D_FORTIFY_SOURCE=2 -Wl,-O1,--sort-common,--as-needed,-z,relro,-z,now conftest.c -lICE    >&5
configure:15712: $? = 0
configure:15721: result: yes
configure:15743: checking for XOpenDisplay in -lX11
configure:15768: gcc -o conftest -march=x86-64 -mtune=generic -O2 -pipe -fstack-protector-strong -fno-plt -DNDEBUG -DG_DISABLE_ASSERT -fno-strict-aliasing -D_FORTIFY_SOURCE=2  -Wl,-O1,--sort-common,--as-needed,-z,relro,-z,now conftest.c -lX11     -lSM -lICE  -lX11 >&5
configure:15768: $? = 0
configure:15777: result: yes
configure:15818: checking for SmcSaveYourselfDone in -lSM
configure:15843: gcc -o conftest -march=x86-64 -mtune=generic -O2 -pipe -fstack-protector-strong -fno-plt -DNDEBUG -DG_DISABLE_ASSERT -fno-strict-aliasing -D_FORTIFY_SOURCE=2  -Wl,-O1,--sort-common,--as-needed,-z,relro,-z,now conftest.c -lSM     -lSM -lICE  -lX11 >&5
configure:15843: $? = 0
configure:15852: result: yes
configure:15858: checking X11/SM/SMlib.h usability
configure:15858: gcc -c -march=x86-64 -mtune=generic -O2 -pipe -fstack-protector-strong -fno-plt -DNDEBUG -DG_DISABLE_ASSERT -fno-strict-aliasing -D_FORTIFY_SOURCE=2  conftest.c >&5
configure:15858: $? = 0
configure:15858: result: yes
configure:15858: checking X11/SM/SMlib.h presence
configure:15858: gcc -E -D_FORTIFY_SOURCE=2  conftest.c
configure:15858: $? = 0
configure:15858: result: yes
configure:15858: checking for X11/SM/SMlib.h
configure:15858: result: yes
configure:15885: checking for session management support
configure:15888: result: yes
configure:15919: checking for XkbBell in -lX11
configure:15944: gcc -o conftest -march=x86-64 -mtune=generic -O2 -pipe -fstack-protector-strong -fno-plt -DNDEBUG -DG_DISABLE_ASSERT -fno-strict-aliasing -D_FORTIFY_SOURCE=2  -Wl,-O1,--sort-common,--as-needed,-z,relro,-z,now conftest.c -lX11     -lSM -lICE  -lX11 >&5
configure:15944: $? = 0
configure:15953: result: yes
configure:15956: checking for X11/XKBlib.h
configure:15977: gcc -o conftest -march=x86-64 -mtune=generic -O2 -pipe -fstack-protector-strong -fno-plt -DNDEBUG -DG_DISABLE_ASSERT -fno-strict-aliasing -D_FORTIFY_SOURCE=2  -Wl,-O1,--sort-common,--as-needed,-z,relro,-z,now conftest.c    -lSM -lICE  -lX11 >&5
configure:15977: $? = 0
configure:15979: result: yes
configure:16008: checking for the Xkb extension
configure:16011: result: yes
configure:16037: checking for XRRSelectInput in -lXrandr
configure:16062: gcc -o conftest -march=x86-64 -mtune=generic -O2 -pipe -fstack-protector-strong -fno-plt -DNDEBUG -DG_DISABLE_ASSERT -fno-strict-aliasing -D_FORTIFY_SOURCE=2  -Wl,-O1,--sort-common,--as-needed,-z,relro,-z,now conftest.c -lXrandr     -lSM -lICE  -lX11 -lXext -lXrender -lXrandr >&5
configure:16062: $? = 0
configure:16071: result: yes
configure:16074: checking for X11/extensions/Xrandr.h
configure:16096: gcc -o conftest -march=x86-64 -mtune=generic -O2 -pipe -fstack-protector-strong -fno-plt -DNDEBUG -DG_DISABLE_ASSERT -fno-strict-aliasing -D_FORTIFY_SOURCE=2  -Wl,-O1,--sort-common,--as-needed,-z,relro,-z,now conftest.c    -lSM -lICE  -lX11 -lXext -lXrender -lXrandr >&5
configure:16096: $? = 0
configure:16098: result: yes
configure:16127: checking for the XRandR extension
configure:16130: result: yes
configure:16156: checking for XShapeCombineShape in -lXext
configure:16181: gcc -o conftest -march=x86-64 -mtune=generic -O2 -pipe -fstack-protector-strong -fno-plt -DNDEBUG -DG_DISABLE_ASSERT -fno-strict-aliasing -D_FORTIFY_SOURCE=2  -Wl,-O1,--sort-common,--as-needed,-z,relro,-z,now conftest.c -lXext     -lSM -lICE  -lX11 >&5
configure:16181: $? = 0
configure:16190: result: yes
configure:16193: checking for X11/extensions/shape.h
configure:16212: gcc -o conftest -march=x86-64 -mtune=generic -O2 -pipe -fstack-protector-strong -fno-plt -DNDEBUG -DG_DISABLE_ASSERT -fno-strict-aliasing -D_FORTIFY_SOURCE=2  -Wl,-O1,--sort-common,--as-needed,-z,relro,-z,now conftest.c    -lSM -lICE  -lX11 >&5
configure:16212: $? = 0
configure:16214: result: yes
configure:16243: checking for the Shape extension
configure:16246: result: yes
configure:16272: checking for XineramaQueryExtension in -lXinerama
configure:16297: gcc -o conftest -march=x86-64 -mtune=generic -O2 -pipe -fstack-protector-strong -fno-plt -DNDEBUG -DG_DISABLE_ASSERT -fno-strict-aliasing -D_FORTIFY_SOURCE=2  -Wl,-O1,--sort-common,--as-needed,-z,relro,-z,now conftest.c -lXinerama     -lSM -lICE  -lX11 -lXext >&5
configure:16297: $? = 0
configure:16306: result: yes
configure:16310: checking for X11/extensions/Xinerama.h
configure:16328: gcc -o conftest -march=x86-64 -mtune=generic -O2 -pipe -fstack-protector-strong -fno-plt -DNDEBUG -DG_DISABLE_ASSERT -fno-strict-aliasing -D_FORTIFY_SOURCE=2  -Wl,-O1,--sort-common,--as-needed,-z,relro,-z,now conftest.c    -lSM -lICE  -lX11 -lXext >&5
configure:16328: $? = 0
configure:16330: result: yes
configure:16356: checking for the Xinerama extension
configure:16359: result: yes
configure:16385: checking for XSyncInitialize in -lXext
configure:16410: gcc -o conftest -march=x86-64 -mtune=generic -O2 -pipe -fstack-protector-strong -fno-plt -DNDEBUG -DG_DISABLE_ASSERT -fno-strict-aliasing -D_FORTIFY_SOURCE=2  -Wl,-O1,--sort-common,--as-needed,-z,relro,-z,now conftest.c -lXext     -lSM -lICE  -lX11 >&5
configure:16410: $? = 0
configure:16419: result: yes
configure:16422: checking for X11/extensions/sync.h
configure:16441: gcc -o conftest -march=x86-64 -mtune=generic -O2 -pipe -fstack-protector-strong -fno-plt -DNDEBUG -DG_DISABLE_ASSERT -fno-strict-aliasing -D_FORTIFY_SOURCE=2  -Wl,-O1,--sort-common,--as-needed,-z,relro,-z,now conftest.c    -lSM -lICE  -lX11 >&5
configure:16441: $? = 0
configure:16443: result: yes
configure:16472: checking for the Sync extension
configure:16475: result: yes
configure:16492: checking for XauReadAuth in -lXau
configure:16517: gcc -o conftest -march=x86-64 -mtune=generic -O2 -pipe -fstack-protector-strong -fno-plt -DNDEBUG -DG_DISABLE_ASSERT -fno-strict-aliasing -D_FORTIFY_SOURCE=2  -Wl,-O1,--sort-common,--as-needed,-z,relro,-z,now conftest.c -lXau     -lSM -lICE  -lX11 >&5
configure:16517: $? = 0
configure:16526: result: yes
configure:16529: checking for X11/Xauth.h
configure:16547: gcc -o conftest -march=x86-64 -mtune=generic -O2 -pipe -fstack-protector-strong -fno-plt -DNDEBUG -DG_DISABLE_ASSERT -fno-strict-aliasing -D_FORTIFY_SOURCE=2  -Wl,-O1,--sort-common,--as-needed,-z,relro,-z,now conftest.c    -lSM -lICE  -lX11 >&5
configure:16547: $? = 0
configure:16549: result: yes
configure:16577: checking for the Xauth extension
configure:16580: result: yes
configure:16770: creating ./config.status

## ---------------------- ##
## Running config.status. ##
## ---------------------- ##

This file was extended by openbox config.status 3.6.1, which was
generated by GNU Autoconf 2.69.  Invocation command line was

  CONFIG_FILES    = 
  CONFIG_HEADERS  = 
  CONFIG_LINKS    = 
  CONFIG_COMMANDS = 
  $ ./config.status 

on jontysr-archTP

config.status:1111: creating Makefile
config.status:1111: creating m4/Makefile
config.status:1111: creating po/Makefile.in
config.status:1111: creating obrender/obrender-3.5.pc
config.status:1111: creating obt/obt-3.5.pc
config.status:1111: creating obrender/version.h
config.status:1111: creating obt/version.h
config.status:1111: creating version.h
config.status:1283: executing depfiles commands
config.status:1283: executing libtool commands
config.status:1283: executing po-directories commands
config.status:1283: executing doc commands
config.status:1283: executing data commands
config.status:1283: executing data/xsession commands
configure:18863: result: 
configure:18871: result: Compiling with these options:
               Startup Notification... yes
               X Cursor Library... yes
               Session Management... yes
               Imlib2 Library... yes
               SVG Support (librsvg)... yes
               
configure:18879: result: configure complete, now type "make"

## ---------------- ##
## Cache variables. ##
## ---------------- ##

ac_cv_build=x86_64-unknown-linux-gnu
ac_cv_c_compiler_gnu=yes
ac_cv_c_const=yes
ac_cv_c_inline=inline
ac_cv_env_CC_set=
ac_cv_env_CC_value=
ac_cv_env_CFLAGS_set=set
ac_cv_env_CFLAGS_value='-march=x86-64 -mtune=generic -O2 -pipe -fstack-protector-strong -fno-plt'
ac_cv_env_CPPFLAGS_set=set
ac_cv_env_CPPFLAGS_value=-D_FORTIFY_SOURCE=2
ac_cv_env_CPP_set=
ac_cv_env_CPP_value=
ac_cv_env_GLIB_CFLAGS_set=
ac_cv_env_GLIB_CFLAGS_value=
ac_cv_env_GLIB_LIBS_set=
ac_cv_env_GLIB_LIBS_value=
ac_cv_env_IMLIB2_CFLAGS_set=
ac_cv_env_IMLIB2_CFLAGS_value=
ac_cv_env_IMLIB2_LIBS_set=
ac_cv_env_IMLIB2_LIBS_value=
ac_cv_env_LDFLAGS_set=set
ac_cv_env_LDFLAGS_value=-Wl,-O1,--sort-common,--as-needed,-z,relro,-z,now
ac_cv_env_LIBRSVG_CFLAGS_set=
ac_cv_env_LIBRSVG_CFLAGS_value=
ac_cv_env_LIBRSVG_LIBS_set=
ac_cv_env_LIBRSVG_LIBS_value=
ac_cv_env_LIBSN_CFLAGS_set=
ac_cv_env_LIBSN_CFLAGS_value=
ac_cv_env_LIBSN_LIBS_set=
ac_cv_env_LIBSN_LIBS_value=
ac_cv_env_LIBS_set=
ac_cv_env_LIBS_value=
ac_cv_env_LT_SYS_LIBRARY_PATH_set=
ac_cv_env_LT_SYS_LIBRARY_PATH_value=
ac_cv_env_PANGO_CFLAGS_set=
ac_cv_env_PANGO_CFLAGS_value=
ac_cv_env_PANGO_LIBS_set=
ac_cv_env_PANGO_LIBS_value=
ac_cv_env_PKG_CONFIG_LIBDIR_set=
ac_cv_env_PKG_CONFIG_LIBDIR_value=
ac_cv_env_PKG_CONFIG_PATH_set=
ac_cv_env_PKG_CONFIG_PATH_value=
ac_cv_env_PKG_CONFIG_set=
ac_cv_env_PKG_CONFIG_value=
ac_cv_env_XCURSOR_CFLAGS_set=
ac_cv_env_XCURSOR_CFLAGS_value=
ac_cv_env_XCURSOR_LIBS_set=
ac_cv_env_XCURSOR_LIBS_value=
ac_cv_env_XMKMF_set=
ac_cv_env_XMKMF_value=
ac_cv_env_XML_CFLAGS_set=
ac_cv_env_XML_CFLAGS_value=
ac_cv_env_XML_LIBS_set=
ac_cv_env_XML_LIBS_value=
ac_cv_env_build_alias_set=
ac_cv_env_build_alias_value=
ac_cv_env_host_alias_set=
ac_cv_env_host_alias_value=
ac_cv_env_target_alias_set=
ac_cv_env_target_alias_value=
ac_cv_func_connect=yes
ac_cv_func_gethostbyname=yes
ac_cv_func_remove=yes
ac_cv_func_shmat=yes
ac_cv_have_x='have_x=yes	ac_x_includes='\'''\''	ac_x_libraries='\'''\'''
ac_cv_header_X11_SM_SMlib_h=yes
ac_cv_header_ctype_h=yes
ac_cv_header_dirent_h=yes
ac_cv_header_dlfcn_h=yes
ac_cv_header_errno_h=yes
ac_cv_header_fcntl_h=yes
ac_cv_header_grp_h=yes
ac_cv_header_inttypes_h=yes
ac_cv_header_locale_h=yes
ac_cv_header_memory_h=yes
ac_cv_header_pwd_h=yes
ac_cv_header_signal_h=yes
ac_cv_header_stdc=yes
ac_cv_header_stdint_h=yes
ac_cv_header_stdio_h=yes
ac_cv_header_stdlib_h=yes
ac_cv_header_string_h=yes
ac_cv_header_strings_h=yes
ac_cv_header_sys_select_h=yes
ac_cv_header_sys_socket_h=yes
ac_cv_header_sys_stat_h=yes
ac_cv_header_sys_time_h=yes
ac_cv_header_sys_types_h=yes
ac_cv_header_sys_wait_h=yes
ac_cv_header_unistd_h=yes
ac_cv_host=x86_64-unknown-linux-gnu
ac_cv_lib_ICE_IceConnectionNumber=yes
ac_cv_lib_SM_SmcSaveYourselfDone=yes
ac_cv_lib_X11_XOpenDisplay=yes
ac_cv_lib_X11_XkbBell=yes
ac_cv_lib_Xau_XauReadAuth=yes
ac_cv_lib_Xext_XShapeCombineShape=yes
ac_cv_lib_Xext_XSyncInitialize=yes
ac_cv_lib_Xinerama_XineramaQueryExtension=yes
ac_cv_lib_Xrandr_XRRSelectInput=yes
ac_cv_objext=o
ac_cv_path_DIRNAME=/usr/bin/dirname
ac_cv_path_EGREP='/usr/bin/grep -E'
ac_cv_path_FGREP='/usr/bin/grep -F'
ac_cv_path_GMSGFMT=/usr/bin/msgfmt
ac_cv_path_GREP=/usr/bin/grep
ac_cv_path_MSGFMT=/usr/bin/msgfmt
ac_cv_path_MSGMERGE=/usr/bin/msgmerge
ac_cv_path_SED=/usr/bin/sed
ac_cv_path_XGETTEXT=/usr/bin/xgettext
ac_cv_path_ac_pt_PKG_CONFIG=/usr/bin/pkg-config
ac_cv_path_install='/usr/bin/install -c'
ac_cv_path_lt_DD=/usr/bin/dd
ac_cv_path_mkdir=/usr/bin/mkdir
ac_cv_prog_AWK=gawk
ac_cv_prog_CPP='gcc -E'
ac_cv_prog_ac_ct_AR=ar
ac_cv_prog_ac_ct_CC=gcc
ac_cv_prog_ac_ct_OBJDUMP=objdump
ac_cv_prog_ac_ct_RANLIB=ranlib
ac_cv_prog_ac_ct_STRIP=strip
ac_cv_prog_cc_c89=
ac_cv_prog_cc_g=yes
ac_cv_prog_cc_gcc_c_o=yes
ac_cv_prog_make_make_set=yes
acl_cv_hardcode_direct=no
acl_cv_hardcode_libdir_flag_spec='${wl}-rpath ${wl}$libdir'
acl_cv_hardcode_libdir_separator=
acl_cv_hardcode_minus_L=no
acl_cv_libext=a
acl_cv_path_LD='/usr/bin/ld -m elf_x86_64'
acl_cv_prog_gnu_ld=yes
acl_cv_rpath=done
acl_cv_shlibext=so
acl_cv_wl=-Wl,
am_cv_CC_dependencies_compiler_type=gcc3
am_cv_make_support_nested_variables=yes
gt_cv_func_CFLocaleCopyCurrent=no
gt_cv_func_CFPreferencesCopyAppValue=no
gt_cv_func_gnugettext1_libc=yes
lt_cv_ar_at_file=@
lt_cv_archive_cmds_need_lc=no
lt_cv_deplibs_check_method=pass_all
lt_cv_file_magic_cmd='$MAGIC_CMD'
lt_cv_file_magic_test_file=
lt_cv_ld_reload_flag=-r
lt_cv_nm_interface='BSD nm'
lt_cv_objdir=.libs
lt_cv_path_LD=/usr/bin/ld
lt_cv_path_NM='/usr/bin/nm -B'
lt_cv_path_mainfest_tool=no
lt_cv_prog_compiler_c_o=yes
lt_cv_prog_compiler_pic='-fPIC -DPIC'
lt_cv_prog_compiler_pic_works=yes
lt_cv_prog_compiler_rtti_exceptions=no
lt_cv_prog_compiler_static_works=yes
lt_cv_prog_gnu_ld=yes
lt_cv_sharedlib_from_linklib_cmd='printf %s\n'
lt_cv_shlibpath_overrides_runpath=no
lt_cv_sys_global_symbol_pipe='sed -n -e '\''s/^.*[	 ]\([ABCDGIRSTW][ABCDGIRSTW]*\)[	 ][	 ]*\([_A-Za-z][_A-Za-z0-9]*\)$/\1 \2 \2/p'\'' | sed '\''/ __gnu_lto/d'\'''
lt_cv_sys_global_symbol_to_c_name_address='sed -n -e '\''s/^: \(.*\) .*$/  {"\1", (void *) 0},/p'\'' -e '\''s/^[ABCDGIRSTW][ABCDGIRSTW]* .* \(.*\)$/  {"\1", (void *) \&\1},/p'\'''
lt_cv_sys_global_symbol_to_c_name_address_lib_prefix='sed -n -e '\''s/^: \(.*\) .*$/  {"\1", (void *) 0},/p'\'' -e '\''s/^[ABCDGIRSTW][ABCDGIRSTW]* .* \(lib.*\)$/  {"\1", (void *) \&\1},/p'\'' -e '\''s/^[ABCDGIRSTW][ABCDGIRSTW]* .* \(.*\)$/  {"lib\1", (void *) \&\1},/p'\'''
lt_cv_sys_global_symbol_to_cdecl='sed -n -e '\''s/^T .* \(.*\)$/extern int \1();/p'\'' -e '\''s/^[ABCDGIRSTW][ABCDGIRSTW]* .* \(.*\)$/extern char \1;/p'\'''
lt_cv_sys_global_symbol_to_import=
lt_cv_sys_max_cmd_len=1572864
lt_cv_to_host_file_cmd=func_convert_file_noop
lt_cv_to_tool_file_cmd=func_convert_file_noop
lt_cv_truncate_bin='/usr/bin/dd bs=4096 count=1'
pkg_cv_GLIB_CFLAGS='-I/usr/include/glib-2.0 -I/usr/lib/glib-2.0/include '
pkg_cv_GLIB_LIBS='-lglib-2.0 '
pkg_cv_IMLIB2_CFLAGS=
pkg_cv_IMLIB2_LIBS='-lImlib2 '
pkg_cv_LIBRSVG_CFLAGS='-I/usr/include/librsvg-2.0 -I/usr/include/glib-2.0 -I/usr/lib/glib-2.0/include -I/usr/include/gdk-pixbuf-2.0 -pthread -I/usr/include/cairo -I/usr/include/pixman-1 -I/usr/include/freetype2 -I/usr/include/libpng16 -I/usr/include/harfbuzz -I/usr/include/uuid '
pkg_cv_LIBRSVG_LIBS='-lrsvg-2 -lm -lgio-2.0 -lgdk_pixbuf-2.0 -lgobject-2.0 -lglib-2.0 -lcairo '
pkg_cv_LIBSN_CFLAGS='-I/usr/include/startup-notification-1.0 '
pkg_cv_LIBSN_LIBS='-lstartup-notification-1 '
pkg_cv_PANGO_CFLAGS='-I/usr/include/pango-1.0 -I/usr/include/glib-2.0 -I/usr/lib/glib-2.0/include -I/usr/include/fribidi -I/usr/include/freetype2 -I/usr/include/libpng16 -I/usr/include/harfbuzz -I/usr/include/uuid '
pkg_cv_PANGO_LIBS='-lpangoxft-1.0 -lpangoft2-1.0 -lpango-1.0 -lgobject-2.0 -lglib-2.0 -lfribidi -lfontconfig -lfreetype -lXft '
pkg_cv_XCURSOR_CFLAGS=
pkg_cv_XCURSOR_LIBS='-lXcursor '
pkg_cv_XML_CFLAGS='-I/usr/include/libxml2 '
pkg_cv_XML_LIBS='-lxml2 '

## ----------------- ##
## Output variables. ##
## ----------------- ##

ACLOCAL='${SHELL} /home/jontysr/openbox-patched/src/openbox-3.6.1/missing --run aclocal-1.11'
AMDEPBACKSLASH='\'
AMDEP_FALSE='#'
AMDEP_TRUE=''
AMTAR='$${TAR-tar}'
AM_BACKSLASH='\'
AM_DEFAULT_V='$(AM_DEFAULT_VERBOSITY)'
AM_DEFAULT_VERBOSITY='0'
AM_V='$(V)'
AR='ar'
AUTOCONF='${SHELL} /home/jontysr/openbox-patched/src/openbox-3.6.1/missing --run autoconf'
AUTOHEADER='${SHELL} /home/jontysr/openbox-patched/src/openbox-3.6.1/missing --run autoheader'
AUTOMAKE='${SHELL} /home/jontysr/openbox-patched/src/openbox-3.6.1/missing --run automake-1.11'
AWK='gawk'
CC='gcc'
CCDEPMODE='depmode=gcc3'
CFLAGS='-march=x86-64 -mtune=generic -O2 -pipe -fstack-protector-strong -fno-plt -DNDEBUG -DG_DISABLE_ASSERT -fno-strict-aliasing'
CPP='gcc -E'
CPPFLAGS='-D_FORTIFY_SOURCE=2'
CYGPATH_W='echo'
DEFS='-DPACKAGE_NAME=\"openbox\" -DPACKAGE_TARNAME=\"openbox\" -DPACKAGE_VERSION=\"3.6.1\" -DPACKAGE_STRING=\"openbox\ 3.6.1\" -DPACKAGE_BUGREPORT=\"http://bugzilla.icculus.org\" -DPACKAGE_URL=\"\" -DPACKAGE=\"openbox\" -DVERSION=\"3.6.1\" -DSTDC_HEADERS=1 -DHAVE_SYS_TYPES_H=1 -DHAVE_SYS_STAT_H=1 -DHAVE_STDLIB_H=1 -DHAVE_STRING_H=1 -DHAVE_MEMORY_H=1 -DHAVE_STRINGS_H=1 -DHAVE_INTTYPES_H=1 -DHAVE_STDINT_H=1 -DHAVE_UNISTD_H=1 -DHAVE_DLFCN_H=1 -DLT_OBJDIR=\".libs/\" -DENABLE_NLS=1 -DHAVE_GETTEXT=1 -DHAVE_DCGETTEXT=1 -DHAVE_CTYPE_H=1 -DHAVE_DIRENT_H=1 -DHAVE_ERRNO_H=1 -DHAVE_FCNTL_H=1 -DHAVE_GRP_H=1 -DHAVE_LOCALE_H=1 -DHAVE_PWD_H=1 -DHAVE_SIGNAL_H=1 -DHAVE_STRING_H=1 -DHAVE_STDIO_H=1 -DHAVE_STDLIB_H=1 -DHAVE_UNISTD_H=1 -DHAVE_SYS_STAT_H=1 -DHAVE_SYS_SELECT_H=1 -DHAVE_SYS_SOCKET_H=1 -DHAVE_SYS_TIME_H=1 -DHAVE_SYS_TYPES_H=1 -DHAVE_SYS_WAIT_H=1 -DUSE_LIBSN=1 -DUSE_XCURSOR=1 -DUSE_IMLIB2=1 -DUSE_LIBRSVG=1 -DHAVE_LIBX11=1 -DHAVE_X11_SM_SMLIB_H=1 -DUSE_SM=1 -DXKB=1 -DXRANDR=1 -DSHAPE=1 -DXINERAMA=1 -DSYNC=1 -DAUTH=1'
DEPDIR='.deps'
DIRNAME='/usr/bin/dirname'
DLLTOOL='false'
DSYMUTIL=''
DUMPBIN=''
ECHO_C=''
ECHO_N='-n'
ECHO_T=''
EFENCE_LIBS=''
EGREP='/usr/bin/grep -E'
EXEEXT=''
FGREP='/usr/bin/grep -F'
GLIB_CFLAGS='-I/usr/include/glib-2.0 -I/usr/lib/glib-2.0/include '
GLIB_LIBS='-lglib-2.0 '
GMSGFMT='/usr/bin/msgfmt'
GMSGFMT_015='/usr/bin/msgfmt'
GREP='/usr/bin/grep'
IMLIB2_CFLAGS=''
IMLIB2_LIBS='-lImlib2 '
INSTALL_DATA='${INSTALL} -m 644'
INSTALL_PROGRAM='${INSTALL}'
INSTALL_SCRIPT='${INSTALL}'
INSTALL_STRIP_PROGRAM='$(install_sh) -c -s'
INTLLIBS=''
INTL_MACOSX_LIBS=''
LD='/usr/bin/ld -m elf_x86_64'
LDFLAGS='-Wl,-O1,--sort-common,--as-needed,-z,relro,-z,now'
LIBICONV='-liconv'
LIBINTL=''
LIBOBJS=''
LIBRSVG_CFLAGS='-I/usr/include/librsvg-2.0 -I/usr/include/glib-2.0 -I/usr/lib/glib-2.0/include -I/usr/include/gdk-pixbuf-2.0 -pthread -I/usr/include/cairo -I/usr/include/pixman-1 -I/usr/include/freetype2 -I/usr/include/libpng16 -I/usr/include/harfbuzz -I/usr/include/uuid '
LIBRSVG_LIBS='-lrsvg-2 -lm -lgio-2.0 -lgdk_pixbuf-2.0 -lgobject-2.0 -lglib-2.0 -lcairo '
LIBS=' '
LIBSN_CFLAGS='-I/usr/include/startup-notification-1.0 '
LIBSN_LIBS='-lstartup-notification-1 '
LIBTOOL='$(SHELL) $(top_builddir)/libtool --silent'
LIBTOOL_DEPS='./ltmain.sh'
LIPO=''
LN_S='ln -s'
LTLIBICONV='-liconv'
LTLIBINTL=''
LTLIBOBJS=''
LT_SYS_LIBRARY_PATH=''
MAKEINFO='${SHELL} /home/jontysr/openbox-patched/src/openbox-3.6.1/missing --run makeinfo'
MANIFEST_TOOL=':'
MKDIR_P='/usr/bin/mkdir -p'
MSGFMT='/usr/bin/msgfmt'
MSGFMT_015='/usr/bin/msgfmt'
MSGMERGE='/usr/bin/msgmerge'
NM='/usr/bin/nm -B'
NMEDIT=''
OBJDUMP='objdump'
OBJEXT='o'
OBT_AGE='0'
OBT_BINARY_AGE='2'
OBT_CURRENT='2'
OBT_CURRENT_MINUS_AGE='2'
OBT_INTERFACE_AGE='2'
OBT_MAJOR_VERSION='3'
OBT_MICRO_VERSION='4'
OBT_MINOR_VERSION='6'
OBT_RELEASE='3.6'
OBT_REVISION='2'
OBT_VERSION='3.6'
OB_VERSION='3.6.1'
OTOOL64=''
OTOOL=''
PACKAGE='openbox'
PACKAGE_BUGREPORT='http://bugzilla.icculus.org'
PACKAGE_NAME='openbox'
PACKAGE_STRING='openbox 3.6.1'
PACKAGE_TARNAME='openbox'
PACKAGE_URL=''
PACKAGE_VERSION='3.6.1'
PANGO_CFLAGS='-I/usr/include/pango-1.0 -I/usr/include/glib-2.0 -I/usr/lib/glib-2.0/include -I/usr/include/fribidi -I/usr/include/freetype2 -I/usr/include/libpng16 -I/usr/include/harfbuzz -I/usr/include/uuid '
PANGO_LIBS='-lpangoxft-1.0 -lpangoft2-1.0 -lpango-1.0 -lgobject-2.0 -lglib-2.0 -lfribidi -lfontconfig -lfreetype -lXft '
PATH_SEPARATOR=':'
PKG_CONFIG='/usr/bin/pkg-config'
PKG_CONFIG_IMLIB='imlib2'
PKG_CONFIG_LIBDIR=''
PKG_CONFIG_LIBRSVG='librsvg-2.0'
PKG_CONFIG_PATH=''
POSUB='po'
RANLIB='ranlib'
RR_AGE='0'
RR_BINARY_AGE='0'
RR_CURRENT='32'
RR_CURRENT_MINUS_AGE='32'
RR_INTERFACE_AGE='0'
RR_MAJOR_VERSION='3'
RR_MICRO_VERSION='32'
RR_MINOR_VERSION='6'
RR_RELEASE='3.6'
RR_REVISION='0'
RR_VERSION='3.6'
SED='/usr/bin/sed'
SET_MAKE=''
SHELL='/bin/sh'
SM_CFLAGS=''
SM_LIBS='-lSM -lICE'
STRIP='strip'
USE_IMLIB2_FALSE='#'
USE_IMLIB2_TRUE=''
USE_LIBRSVG_FALSE='#'
USE_LIBRSVG_TRUE=''
USE_NLS='yes'
VERSION='3.6.1'
XAUTH_CFLAGS=''
XAUTH_LIBS='-lXau'
XCURSOR_CFLAGS=''
XCURSOR_LIBS='-lXcursor '
XGETTEXT='/usr/bin/xgettext'
XGETTEXT_015='/usr/bin/xgettext'
XINERAMA_LIBS='-lXext -lXinerama'
XKB_CFLAGS=''
XKB_LIBS=''
XMKMF=''
XML_CFLAGS='-I/usr/include/libxml2 '
XML_LIBS='-lxml2 '
XRANDR_CFLAGS=''
XRANDR_LIBS='-lXext -lXrender -lXrandr'
XSHAPE_CFLAGS=''
XSHAPE_LIBS='-lXext'
XSYNC_CFLAGS=''
XSYNC_LIBS='-lXext'
X_CFLAGS=''
X_EXTRA_LIBS=''
X_LIBS=' -lSM -lICE  -lX11'
X_PRE_LIBS=' -lSM -lICE'
ac_ct_AR='ar'
ac_ct_CC='gcc'
ac_ct_DUMPBIN=''
am__EXEEXT_FALSE=''
am__EXEEXT_TRUE='#'
am__fastdepCC_FALSE='#'
am__fastdepCC_TRUE=''
am__include='include'
am__isrc=''
am__leading_dot='.'
am__nodep='_no'
am__quote=''
am__tar='$${TAR-tar} chof - "$$tardir"'
am__untar='$${TAR-tar} xf -'
bindir='${exec_prefix}/bin'
build='x86_64-unknown-linux-gnu'
build_alias=''
build_cpu='x86_64'
build_os='linux-gnu'
build_vendor='unknown'
datadir='${datarootdir}'
datarootdir='${prefix}/share'
docdir='${datarootdir}/doc/${PACKAGE_TARNAME}'
dvidir='${docdir}'
exec_prefix='${prefix}'
host='x86_64-unknown-linux-gnu'
host_alias=''
host_cpu='x86_64'
host_os='linux-gnu'
host_vendor='unknown'
htmldir='${docdir}'
includedir='${prefix}/include'
infodir='${datarootdir}/info'
install_sh='${SHELL} /home/jontysr/openbox-patched/src/openbox-3.6.1/install-sh'
libdir='${exec_prefix}/lib'
libexecdir='/usr/lib/openbox'
localedir='${datarootdir}/locale'
localstatedir='${prefix}/var'
mandir='${datarootdir}/man'
mkdir_p='/usr/bin/mkdir -p'
oldincludedir='/usr/include'
pdfdir='${docdir}'
prefix='/usr'
program_transform_name='s,x,x,'
psdir='${docdir}'
sbindir='${exec_prefix}/sbin'
sharedstatedir='${prefix}/com'
sysconfdir='/etc'
target_alias=''

## ----------- ##
## confdefs.h. ##
## ----------- ##

/* confdefs.h */
#define PACKAGE_NAME "openbox"
#define PACKAGE_TARNAME "openbox"
#define PACKAGE_VERSION "3.6.1"
#define PACKAGE_STRING "openbox 3.6.1"
#define PACKAGE_BUGREPORT "http://bugzilla.icculus.org"
#define PACKAGE_URL ""
#define PACKAGE "openbox"
#define VERSION "3.6.1"
#define STDC_HEADERS 1
#define HAVE_SYS_TYPES_H 1
#define HAVE_SYS_STAT_H 1
#define HAVE_STDLIB_H 1
#define HAVE_STRING_H 1
#define HAVE_MEMORY_H 1
#define HAVE_STRINGS_H 1
#define HAVE_INTTYPES_H 1
#define HAVE_STDINT_H 1
#define HAVE_UNISTD_H 1
#define HAVE_DLFCN_H 1
#define LT_OBJDIR ".libs/"
#define ENABLE_NLS 1
#define HAVE_GETTEXT 1
#define HAVE_DCGETTEXT 1
#define HAVE_CTYPE_H 1
#define HAVE_DIRENT_H 1
#define HAVE_ERRNO_H 1
#define HAVE_FCNTL_H 1
#define HAVE_GRP_H 1
#define HAVE_LOCALE_H 1
#define HAVE_PWD_H 1
#define HAVE_SIGNAL_H 1
#define HAVE_STRING_H 1
#define HAVE_STDIO_H 1
#define HAVE_STDLIB_H 1
#define HAVE_UNISTD_H 1
#define HAVE_SYS_STAT_H 1
#define HAVE_SYS_SELECT_H 1
#define HAVE_SYS_SOCKET_H 1
#define HAVE_SYS_TIME_H 1
#define HAVE_SYS_TYPES_H 1
#define HAVE_SYS_WAIT_H 1
#define USE_LIBSN 1
#define USE_XCURSOR 1
#define USE_IMLIB2 1
#define USE_LIBRSVG 1
#define HAVE_LIBX11 1
#define HAVE_X11_SM_SMLIB_H 1
#define USE_SM 1
#define XKB 1
#define XRANDR 1
#define SHAPE 1
#define XINERAMA 1
#define SYNC 1
#define AUTH 1

configure: exit 0
